#
# There is insufficient memory for the Java Runtime Environment to continue.
# Native memory allocation (malloc) failed to allocate 1048576 bytes for AllocateHeap
# Possible reasons:
#   The system is out of physical RAM or swap space
#   In 32 bit mode, the process size limit was hit
# Possible solutions:
#   Reduce memory load on the system
#   Increase physical memory or swap space
#   Check if swap backing store is full
#   Use 64 bit Java on a 64 bit OS
#   Decrease Java heap size (-Xmx/-Xms)
#   Decrease number of Java threads
#   Decrease Java thread stack sizes (-Xss)
#   Set larger code cache with -XX:ReservedCodeCacheSize=
# This output file may be truncated or incomplete.
#
#  Out of Memory Error (memory/allocation.inline.hpp:61), pid=16988, tid=0x00000000000013cc
#
# JRE version:  (8.0_131-b11) (build )
# Java VM: Java HotSpot(TM) 64-Bit Server VM (25.131-b11 mixed mode windows-amd64 compressed oops)
# Failed to write core dump. Minidumps are not enabled by default on client versions of Windows
#

---------------  T H R E A D  ---------------

Current thread (0x0000000002e70800):  JavaThread "Unknown thread" [_thread_in_vm, id=5068, stack(0x0000000002d70000,0x0000000002e70000)]

Stack: [0x0000000002d70000,0x0000000002e70000]
[error occurred during error reporting (printing stack bounds), id 0xc0000005]

Native frames: (J=compiled Java code, j=interpreted, Vv=VM code, C=native code)


---------------  P R O C E S S  ---------------

Java Threads: ( => current thread )

Other Threads:

=>0x0000000002e70800 (exited) JavaThread "Unknown thread" [_thread_in_vm, id=5068, stack(0x0000000002d70000,0x0000000002e70000)]

VM state:not at safepoint (normal execution)

VM Mutex/Monitor currently owned by a thread: None

Heap:
 PSYoungGen      total 75776K, used 1300K [0x000000076b580000, 0x0000000770a00000, 0x00000007c0000000)
  eden space 65024K, 2% used [0x000000076b580000,0x000000076b6c51f8,0x000000076f500000)
  from space 10752K, 0% used [0x000000076ff80000,0x000000076ff80000,0x0000000770a00000)
  to   space 10752K, 0% used [0x000000076f500000,0x000000076f500000,0x000000076ff80000)
 ParOldGen       total 173568K, used 0K [0x00000006c2000000, 0x00000006cc980000, 0x000000076b580000)
  object space 173568K, 0% used [0x00000006c2000000,0x00000006c2000000,0x00000006cc980000)
 Metaspace       used 770K, capacity 4480K, committed 4480K, reserved 1056768K
  class space    used 75K, capacity 384K, committed 384K, reserved 1048576K

Card table byte_map: [0x0000000012330000,0x0000000012b30000] byte_map_base: 0x000000000ed20000

Marking Bits: (ParMarkBitMap*) 0x0000000057f9c720
 Begin Bits: [0x0000000013a80000, 0x0000000017a00000)
 End Bits:   [0x0000000017a00000, 0x000000001b980000)

Polling page: 0x0000000000f70000

CodeCache: size=245760Kb used=328Kb max_used=328Kb free=245431Kb
 bounds [0x0000000002f70000, 0x00000000031e0000, 0x0000000011f70000]
 total_blobs=58 nmethods=0 adapters=38
 compilation: enabled

Compilation events (0 events):
No events

GC Heap History (0 events):
No events

Deoptimization events (0 events):
No events

Internal exceptions (0 events):
No events

Events (10 events):
Event: 0.018 loading class java/lang/Short
Event: 0.018 loading class java/lang/Short done
Event: 0.018 loading class java/lang/Integer
Event: 0.018 loading class java/lang/Integer done
Event: 0.018 loading class java/lang/Long
Event: 0.018 loading class java/lang/Long done
Event: 0.018 loading class java/lang/NullPointerException
Event: 0.018 loading class java/lang/NullPointerException done
Event: 0.018 loading class java/lang/ArithmeticException
Event: 0.019 loading class java/lang/ArithmeticException done


Dynamic libraries:
0x00007ff767d60000 - 0x00007ff767d97000 	C:\Program Files\Java\jdk1.8.0_131\bin\java.exe
0x00007ffac6db0000 - 0x00007ffac6fa8000 	C:\Windows\SYSTEM32\ntdll.dll
0x00007ffac65b0000 - 0x00007ffac666d000 	C:\Windows\System32\KERNEL32.DLL
0x00007ffac45a0000 - 0x00007ffac4896000 	C:\Windows\System32\KERNELBASE.dll
0x00007ffac61a0000 - 0x00007ffac6250000 	C:\Windows\System32\ADVAPI32.dll
0x00007ffac6680000 - 0x00007ffac671e000 	C:\Windows\System32\msvcrt.dll
0x00007ffac68a0000 - 0x00007ffac6940000 	C:\Windows\System32\sechost.dll
0x00007ffac4fd0000 - 0x00007ffac50f3000 	C:\Windows\System32\RPCRT4.dll
0x00007ffac4d40000 - 0x00007ffac4d67000 	C:\Windows\System32\bcrypt.dll
0x00007ffac6950000 - 0x00007ffac6aef000 	C:\Windows\System32\USER32.dll
0x00007ffac4b60000 - 0x00007ffac4b82000 	C:\Windows\System32\win32u.dll
0x00007ffac4e90000 - 0x00007ffac4ebb000 	C:\Windows\System32\GDI32.dll
0x00007ffac48a0000 - 0x00007ffac49b7000 	C:\Windows\System32\gdi32full.dll
0x00007ffac49c0000 - 0x00007ffac4a5d000 	C:\Windows\System32\msvcp_win.dll
0x00007ffac4a60000 - 0x00007ffac4b60000 	C:\Windows\System32\ucrtbase.dll
0x00007ffaa5b80000 - 0x00007ffaa5e1a000 	C:\Windows\WinSxS\amd64_microsoft.windows.common-controls_6595b64144ccf1df_6.0.19041.3636_none_60b6a03d71f818d5\COMCTL32.dll
0x00007ffac5170000 - 0x00007ffac51a2000 	C:\Windows\System32\IMM32.DLL
0x00000000594a0000 - 0x0000000059572000 	C:\Program Files\Java\jdk1.8.0_131\jre\bin\msvcr100.dll
0x0000000057780000 - 0x000000005801c000 	C:\Program Files\Java\jdk1.8.0_131\jre\bin\server\jvm.dll
0x00007ffac6cb0000 - 0x00007ffac6cb8000 	C:\Windows\System32\PSAPI.DLL
0x00007ffabced0000 - 0x00007ffabceda000 	C:\Windows\SYSTEM32\VERSION.dll
0x00007ffaac690000 - 0x00007ffaac6b7000 	C:\Windows\SYSTEM32\WINMM.dll
0x00007ffaa9c30000 - 0x00007ffaa9c39000 	C:\Windows\SYSTEM32\WSOCK32.dll
0x00007ffac5100000 - 0x00007ffac516b000 	C:\Windows\System32\WS2_32.dll
0x0000000059450000 - 0x000000005945f000 	C:\Program Files\Java\jdk1.8.0_131\jre\bin\verify.dll
0x0000000059420000 - 0x0000000059449000 	C:\Program Files\Java\jdk1.8.0_131\jre\bin\java.dll
0x0000000059400000 - 0x0000000059416000 	C:\Program Files\Java\jdk1.8.0_131\jre\bin\zip.dll

VM Arguments:
java_command: <unknown>
java_class_path (initial): .
Launcher Type: SUN_STANDARD

Environment Variables:
JAVA_HOME=C:\Program Files\Java\jdk1.7.0_80
PATH=C:\Users\zead shalaby\gcc\bin;C:\Users\zead shalaby\gcc\libexec\gcc\x86_64-w64-mingw32\11.3.0;C:\Program Files (x86)\Common Files\Oracle\Java\javapath;C:\Program Files\Java\jdk1.7.0_80 bin;D:\app\zead_shalaby\product\11.2.0\dbhome_3\bin;D:\app\zead_shalaby\product\11.2.0\dbhome_2\bin;D:\app\zead_shalaby\product\11.2.0\dbhome_1\bin;C:\Program Files (x86)\VMware\VMware Workstation\bin\;C:\ProgramData\Oracle\Java\javapath;C:\Windows\system32;C:\Windows;C:\Windows\System32\Wbem;C:\Windows\System32\WindowsPowerShell\v1.0\;C:\Windows\System32\OpenSSH\;C:\Program Files\Git\cmd;C:\minikube;C:\xampp\php;C:\composer;C:\Program Files\nodejs\;C:\Users\zead shalaby\AppData\Local\Programs\Python\Python311;C:\Users\zead shalaby\AppData\Local\Programs\Python\Python311\Scripts;C:\Users\zead shalaby\AppData\Local\Programs\Python\Python311\python.exe;C:\Users\zead shalaby\AppData\Local\Microsoft\WindowsApps;C:\Users\zead shalaby\AppData\Local\Programs\Microsoft VS Code\bin;C:\Users\zead shalaby\AppData\Local\ComposerSetup\bin;C:\Users\zead shalaby\AppData\Roaming\Composer\vendor\bin;C:\Users\zead shalaby\AppData\Roaming\npm;C:\Users\zead shalaby\AppData\Local\Microsoft\WindowsApps\python.exe;
USERNAME=zead shalaby
LD_LIBRARY_PATH=C:\Oracle\Middleware\Oracle_FRHome2\lib
OS=Windows_NT
PROCESSOR_IDENTIFIER=Intel64 Family 6 Model 165 Stepping 2, GenuineIntel



---------------  S Y S T E M  ---------------

OS: Windows 10.0 , 64 bit Build 19041 (10.0.19041.3636)

CPU:total 12 (initial active 12) (6 cores per cpu, 2 threads per core) family 6 model 165 stepping 2, cmov, cx8, fxsr, mmx, sse, sse2, sse3, ssse3, sse4.1, sse4.2, popcnt, avx, avx2, aes, clmul, erms, 3dnowpref, lzcnt, ht, tsc, tscinvbit, bmi1, bmi2, adx

Memory: 4k page, physical 16641836k(3704004k free), swap 18738988k(6228k free)

vm_info: Java HotSpot(TM) 64-Bit Server VM (25.131-b11) for windows-amd64 JRE (1.8.0_131-b11), built on Mar 15 2017 01:23:53 by "java_re" with MS VC++ 10.0 (VS2010)

time: Thu Apr 25 21:01:03 2024
elapsed time: 0 seconds (0d 0h 0m 0s)

