#
# There is insufficient memory for the Java Runtime Environment to continue.
# Native memory allocation (malloc) failed to allocate 325216 bytes for Chunk::new
# Possible reasons:
#   The system is out of physical RAM or swap space
#   In 32 bit mode, the process size limit was hit
# Possible solutions:
#   Reduce memory load on the system
#   Increase physical memory or swap space
#   Check if swap backing store is full
#   Use 64 bit Java on a 64 bit OS
#   Decrease Java heap size (-Xmx/-Xms)
#   Decrease number of Java threads
#   Decrease Java thread stack sizes (-Xss)
#   Set larger code cache with -XX:ReservedCodeCacheSize=
# This output file may be truncated or incomplete.
#
#  Out of Memory Error (allocation.cpp:390), pid=21816, tid=0x0000000000005444
#
# JRE version: Java(TM) SE Runtime Environment (8.0_131-b11) (build 1.8.0_131-b11)
# Java VM: Java HotSpot(TM) 64-Bit Server VM (25.131-b11 mixed mode windows-amd64 compressed oops)
# Failed to write core dump. Minidumps are not enabled by default on client versions of Windows
#

---------------  T H R E A D  ---------------

Current thread (0x000000001db2b800):  JavaThread "C2 CompilerThread2" daemon [_thread_in_native, id=21572, stack(0x000000001f370000,0x000000001f470000)]

Stack: [0x000000001f370000,0x000000001f470000]
[error occurred during error reporting (printing stack bounds), id 0xc0000005]

Native frames: (J=compiled Java code, j=interpreted, Vv=VM code, C=native code)


Current CompileTask:
C2:    791  753       4       com.sun.javafx.iio.gif.GIFImageLoader2::decodeImage (161 bytes)


---------------  P R O C E S S  ---------------

Java Threads: ( => current thread )
  0x000000001f8b1000 JavaThread "Thread-3" daemon [_thread_in_native, id=15144, stack(0x0000000024440000,0x0000000024540000)]
  0x000000001f8ad800 JavaThread "JavaFX-Launcher" [_thread_blocked, id=3512, stack(0x0000000024540000,0x0000000024640000)]
  0x000000001f831800 JavaThread "JavaFX Application Thread" [_thread_in_Java, id=1260, stack(0x0000000020340000,0x0000000020440000)]
  0x000000001f830800 JavaThread "Thread-1" daemon [_thread_blocked, id=16392, stack(0x0000000020240000,0x0000000020340000)]
  0x000000001f7fd000 JavaThread "QuantumRenderer-0" daemon [_thread_blocked, id=22184, stack(0x000000001ff70000,0x0000000020070000)]
  0x000000001dbba000 JavaThread "Service Thread" daemon [_thread_blocked, id=18976, stack(0x000000001f570000,0x000000001f670000)]
  0x000000001db2c800 JavaThread "C1 CompilerThread3" daemon [_thread_blocked, id=16868, stack(0x000000001f470000,0x000000001f570000)]
=>0x000000001db2b800 JavaThread "C2 CompilerThread2" daemon [_thread_in_native, id=21572, stack(0x000000001f370000,0x000000001f470000)]
  0x000000001db27000 JavaThread "C2 CompilerThread1" daemon [_thread_blocked, id=17672, stack(0x000000001f270000,0x000000001f370000)]
  0x000000001db1f000 JavaThread "C2 CompilerThread0" daemon [_thread_blocked, id=21788, stack(0x000000001f170000,0x000000001f270000)]
  0x000000001db1c000 JavaThread "Attach Listener" daemon [_thread_blocked, id=2108, stack(0x000000001f070000,0x000000001f170000)]
  0x000000001db1b000 JavaThread "Signal Dispatcher" daemon [_thread_blocked, id=14164, stack(0x000000001ef70000,0x000000001f070000)]
  0x000000000285a800 JavaThread "Finalizer" daemon [_thread_blocked, id=9600, stack(0x000000001ed70000,0x000000001ee70000)]
  0x0000000002859000 JavaThread "Reference Handler" daemon [_thread_blocked, id=18300, stack(0x000000001ec70000,0x000000001ed70000)]
  0x0000000002761000 JavaThread "main" [_thread_blocked, id=2532, stack(0x0000000002660000,0x0000000002760000)]

Other Threads:
  0x000000001c445800 VMThread [stack: 0x000000001eb70000,0x000000001ec70000] [id=7920]
  0x000000001dbe1000 WatcherThread [stack: 0x000000001f670000,0x000000001f770000] [id=14800]

VM state:not at safepoint (normal execution)

VM Mutex/Monitor currently owned by a thread: None

Heap:
 PSYoungGen      total 75776K, used 20156K [0x000000076b580000, 0x0000000770a00000, 0x00000007c0000000)
  eden space 65024K, 14% used [0x000000076b580000,0x000000076beb2fb8,0x000000076f500000)
  from space 10752K, 99% used [0x000000076f500000,0x000000076ff7c070,0x000000076ff80000)
  to   space 10752K, 0% used [0x000000076ff80000,0x000000076ff80000,0x0000000770a00000)
 ParOldGen       total 173568K, used 25982K [0x00000006c2000000, 0x00000006cc980000, 0x000000076b580000)
  object space 173568K, 14% used [0x00000006c2000000,0x00000006c395f928,0x00000006cc980000)
 Metaspace       used 11003K, capacity 11316K, committed 11520K, reserved 1067008K
  class space    used 1399K, capacity 1502K, committed 1536K, reserved 1048576K

Card table byte_map: [0x0000000011c20000,0x0000000012420000] byte_map_base: 0x000000000e610000

Marking Bits: (ParMarkBitMap*) 0x000000005236c720
 Begin Bits: [0x0000000013370000, 0x00000000172f0000)
 End Bits:   [0x00000000172f0000, 0x000000001b270000)

Polling page: 0x0000000000680000

CodeCache: size=245760Kb used=2871Kb max_used=2871Kb free=242888Kb
 bounds [0x0000000002860000, 0x0000000002b30000, 0x0000000011860000]
 total_blobs=1203 nmethods=767 adapters=349
 compilation: enabled

Compilation events (10 events):
Event: 0.703 Thread 0x000000001db2c800 nmethod 749 0x0000000002b21c10 code [0x0000000002b21da0, 0x0000000002b220b8]
Event: 0.703 Thread 0x000000001db27000  750 %     4       com.sun.javafx.iio.gif.GIFImageLoader2::decodeImage @ 26 (161 bytes)
Event: 0.704 Thread 0x000000001db1f000 nmethod 740 0x0000000002b22c90 code [0x0000000002b22e00, 0x0000000002b23178]
Event: 0.707 Thread 0x000000001db2b800 nmethod 748 0x0000000002b1a150 code [0x0000000002b1a280, 0x0000000002b1a5f8]
Event: 0.709 Thread 0x000000001db2c800  751       3       com.sun.javafx.iio.gif.GIFImageLoader2$LZWDecoder::readData (52 bytes)
Event: 0.709 Thread 0x000000001db2c800 nmethod 751 0x0000000002b23250 code [0x0000000002b23420, 0x0000000002b23998]
Event: 0.720 Thread 0x000000001db27000 nmethod 750% 0x0000000002b25390 code [0x0000000002b25540, 0x0000000002b26570]
Event: 0.721 Thread 0x000000001db1f000  752 %     4       com.sun.javafx.iio.gif.GIFImageLoader2::decodeImage @ 48 (161 bytes)
Event: 0.738 Thread 0x000000001db1f000 nmethod 752% 0x0000000002b2ae10 code [0x0000000002b2afc0, 0x0000000002b2bf50]
Event: 0.739 Thread 0x000000001db2b800  753       4       com.sun.javafx.iio.gif.GIFImageLoader2::decodeImage (161 bytes)

GC Heap History (0 events):
No events

Deoptimization events (8 events):
Event: 0.363 Thread 0x000000001f831800 Uncommon trap: reason=unstable_if action=reinterpret pc=0x0000000002a0dc30 method=java.lang.String.replace(CC)Ljava/lang/String; @ 26
Event: 0.375 Thread 0x000000001f831800 Uncommon trap: reason=unstable_if action=reinterpret pc=0x0000000002a313c4 method=java.lang.String.indexOf([CII[CIII)I @ 134
Event: 0.491 Thread 0x000000001f831800 Uncommon trap: reason=unstable_if action=reinterpret pc=0x0000000002a1b2dc method=java.lang.String.startsWith(Ljava/lang/String;I)Z @ 25
Event: 0.528 Thread 0x000000001f831800 Uncommon trap: reason=unstable_if action=reinterpret pc=0x0000000002a97ef8 method=java.util.HashMap.getNode(ILjava/lang/Object;)Ljava/util/HashMap$Node; @ 84
Event: 0.528 Thread 0x000000001f831800 Uncommon trap: reason=unstable_if action=reinterpret pc=0x0000000002a9a6d8 method=java.util.HashMap.getNode(ILjava/lang/Object;)Ljava/util/HashMap$Node; @ 84
Event: 0.678 Thread 0x000000001f831800 Uncommon trap: reason=unstable_if action=reinterpret pc=0x0000000002b0ae9c method=com.sun.javafx.iio.gif.GIFImageLoader2.restoreToBackground([BIIII)V @ 7
Event: 0.686 Thread 0x000000001f831800 Uncommon trap: reason=unstable_if action=reinterpret pc=0x0000000002b0c980 method=com.sun.javafx.iio.gif.GIFImageLoader2.decodePalette([B[[BIIIIII)Ljava/nio/ByteBuffer; @ 32
Event: 0.687 Thread 0x000000001f831800 Uncommon trap: reason=unstable_if action=reinterpret pc=0x0000000002b147d8 method=com.sun.javafx.iio.gif.GIFImageLoader2.restoreToBackground([BIIII)V @ 7

Internal exceptions (10 events):
Event: 0.173 Thread 0x0000000002761000 Exception <a 'java/security/PrivilegedActionException'> (0x000000076b8f4490) thrown at [C:\re\workspace\8-2-build-windows-amd64-cygwin\jdk8u131\8869\hotspot\src\share\vm\prims\jvm.cpp, line 1390]
Event: 0.173 Thread 0x0000000002761000 Exception <a 'java/security/PrivilegedActionException'> (0x000000076b8f46a0) thrown at [C:\re\workspace\8-2-build-windows-amd64-cygwin\jdk8u131\8869\hotspot\src\share\vm\prims\jvm.cpp, line 1390]
Event: 0.174 Thread 0x0000000002761000 Exception <a 'java/lang/NullPointerException'> (0x000000076b8f4c78) thrown at [C:\re\workspace\8-2-build-windows-amd64-cygwin\jdk8u131\8869\hotspot\src\share\vm\interpreter\linkResolver.cpp, line 1197]
Event: 0.432 Thread 0x000000001f831800 Exception <a 'java/lang/NullPointerException'> (0x000000076c4ae088) thrown at [C:\re\workspace\8-2-build-windows-amd64-cygwin\jdk8u131\8869\hotspot\src\share\vm\interpreter\linkResolver.cpp, line 1197]
Event: 0.432 Thread 0x000000001f831800 Exception <a 'java/lang/NullPointerException'> (0x000000076c4ae088) thrown at [C:\re\workspace\8-2-build-windows-amd64-cygwin\jdk8u131\8869\hotspot\src\share\vm\prims\jvm.cpp, line 1394]
Event: 0.639 Thread 0x000000001f831800 Exception <a 'java/lang/ArrayIndexOutOfBoundsException'> (0x000000076cad0ef0) thrown at [C:\re\workspace\8-2-build-windows-amd64-cygwin\jdk8u131\8869\hotspot\src\share\vm\runtime\sharedRuntime.cpp, line 605]
Event: 0.640 Thread 0x000000001f831800 Exception <a 'java/lang/ArrayIndexOutOfBoundsException'> (0x000000076cad1be0) thrown at [C:\re\workspace\8-2-build-windows-amd64-cygwin\jdk8u131\8869\hotspot\src\share\vm\runtime\sharedRuntime.cpp, line 605]
Event: 0.641 Thread 0x000000001f831800 Exception <a 'java/lang/ArrayIndexOutOfBoundsException'> (0x000000076cad2f88) thrown at [C:\re\workspace\8-2-build-windows-amd64-cygwin\jdk8u131\8869\hotspot\src\share\vm\runtime\sharedRuntime.cpp, line 605]
Event: 0.642 Thread 0x000000001f831800 Exception <a 'java/lang/ArrayIndexOutOfBoundsException'> (0x000000076cad46a0) thrown at [C:\re\workspace\8-2-build-windows-amd64-cygwin\jdk8u131\8869\hotspot\src\share\vm\runtime\sharedRuntime.cpp, line 605]
Event: 0.649 Thread 0x000000001f831800 Exception <a 'java/lang/ArrayIndexOutOfBoundsException'> (0x000000076caf5f88) thrown at [C:\re\workspace\8-2-build-windows-amd64-cygwin\jdk8u131\8869\hotspot\src\share\vm\runtime\sharedRuntime.cpp, line 605]

Events (10 events):
Event: 0.732 Thread 0x000000001f831800 DEOPT PACKING pc=0x0000000002b20375 sp=0x000000002043cfa0
Event: 0.732 Thread 0x000000001f831800 DEOPT UNPACKING pc=0x00000000028a787f sp=0x000000002043cd58 mode 0
Event: 0.736 Thread 0x000000001f831800 DEOPT PACKING pc=0x0000000002b20375 sp=0x000000002043cfa0
Event: 0.736 Thread 0x000000001f831800 DEOPT UNPACKING pc=0x00000000028a787f sp=0x000000002043cd58 mode 0
Event: 0.739 Thread 0x000000001f831800 DEOPT PACKING pc=0x0000000002b2035e sp=0x000000002043cfa0
Event: 0.739 Thread 0x000000001f831800 DEOPT UNPACKING pc=0x00000000028a787f sp=0x000000002043cd58 mode 0
Event: 0.743 Thread 0x000000001f831800 DEOPT PACKING pc=0x0000000002b20375 sp=0x000000002043cfa0
Event: 0.743 Thread 0x000000001f831800 DEOPT UNPACKING pc=0x00000000028a787f sp=0x000000002043cd58 mode 0
Event: 0.748 Thread 0x000000001f831800 DEOPT PACKING pc=0x0000000002b20375 sp=0x000000002043cfa0
Event: 0.748 Thread 0x000000001f831800 DEOPT UNPACKING pc=0x00000000028a787f sp=0x000000002043cd58 mode 0


Dynamic libraries:
0x00007ff735210000 - 0x00007ff735247000 	C:\Program Files\Java\jdk1.8.0_131\jre\bin\java.exe
0x00007ff930e90000 - 0x00007ff931088000 	C:\Windows\SYSTEM32\ntdll.dll
0x00007ff930bf0000 - 0x00007ff930cad000 	C:\Windows\System32\KERNEL32.DLL
0x00007ff92e7c0000 - 0x00007ff92eab6000 	C:\Windows\System32\KERNELBASE.dll
0x00007ff930770000 - 0x00007ff930820000 	C:\Windows\System32\ADVAPI32.dll
0x00007ff92fb10000 - 0x00007ff92fbae000 	C:\Windows\System32\msvcrt.dll
0x00007ff930820000 - 0x00007ff9308c0000 	C:\Windows\System32\sechost.dll
0x00007ff92f140000 - 0x00007ff92f265000 	C:\Windows\System32\RPCRT4.dll
0x00007ff92e6f0000 - 0x00007ff92e717000 	C:\Windows\System32\bcrypt.dll
0x00007ff92efa0000 - 0x00007ff92f13e000 	C:\Windows\System32\USER32.dll
0x00007ff92eac0000 - 0x00007ff92eae2000 	C:\Windows\System32\win32u.dll
0x00007ff930bb0000 - 0x00007ff930bdb000 	C:\Windows\System32\GDI32.dll
0x00007ff92ebf0000 - 0x00007ff92ed07000 	C:\Windows\System32\gdi32full.dll
0x00007ff92e720000 - 0x00007ff92e7bd000 	C:\Windows\System32\msvcp_win.dll
0x00007ff92eaf0000 - 0x00007ff92ebf0000 	C:\Windows\System32\ucrtbase.dll
0x00007ff913300000 - 0x00007ff91359a000 	C:\Windows\WinSxS\amd64_microsoft.windows.common-controls_6595b64144ccf1df_6.0.19041.3636_none_60b6a03d71f818d5\COMCTL32.dll
0x00007ff92f280000 - 0x00007ff92f2b2000 	C:\Windows\System32\IMM32.DLL
0x0000000051a70000 - 0x0000000051b42000 	C:\Program Files\Java\jdk1.8.0_131\jre\bin\msvcr100.dll
0x0000000051b50000 - 0x00000000523ec000 	C:\Program Files\Java\jdk1.8.0_131\jre\bin\server\jvm.dll
0x00007ff92f270000 - 0x00007ff92f278000 	C:\Windows\System32\PSAPI.DLL
0x00007ff90ee00000 - 0x00007ff90ee09000 	C:\Windows\SYSTEM32\WSOCK32.dll
0x00007ff914c10000 - 0x00007ff914c37000 	C:\Windows\SYSTEM32\WINMM.dll
0x00007ff927350000 - 0x00007ff92735a000 	C:\Windows\SYSTEM32\VERSION.dll
0x00007ff92ff10000 - 0x00007ff92ff7b000 	C:\Windows\System32\WS2_32.dll
0x0000000051a20000 - 0x0000000051a2f000 	C:\Program Files\Java\jdk1.8.0_131\jre\bin\verify.dll
0x00000000519f0000 - 0x0000000051a19000 	C:\Program Files\Java\jdk1.8.0_131\jre\bin\java.dll
0x00000000519d0000 - 0x00000000519e6000 	C:\Program Files\Java\jdk1.8.0_131\jre\bin\zip.dll
0x00007ff92ff80000 - 0x00007ff9306eb000 	C:\Windows\System32\SHELL32.dll
0x00007ff92c590000 - 0x00007ff92cd2e000 	C:\Windows\SYSTEM32\windows.storage.dll
0x00007ff92f2c0000 - 0x00007ff92f613000 	C:\Windows\System32\combase.dll
0x00007ff92de90000 - 0x00007ff92debe000 	C:\Windows\SYSTEM32\Wldp.dll
0x00007ff92eed0000 - 0x00007ff92ef9d000 	C:\Windows\System32\OLEAUT32.dll
0x00007ff92fe60000 - 0x00007ff92ff0d000 	C:\Windows\System32\SHCORE.dll
0x00007ff92fe00000 - 0x00007ff92fe55000 	C:\Windows\System32\shlwapi.dll
0x00007ff92e470000 - 0x00007ff92e495000 	C:\Windows\SYSTEM32\profapi.dll
0x00007ff8f9eb0000 - 0x00007ff8f9f9f000 	C:\Program Files\Java\jdk1.8.0_131\jre\bin\msvcr120.dll
0x00007ff8f9140000 - 0x00007ff8f91e6000 	C:\Program Files\Java\jdk1.8.0_131\jre\bin\msvcp120.dll
0x00000000516a0000 - 0x00000000516c2000 	C:\Program Files\Java\jdk1.8.0_131\jre\bin\prism_d3d.dll
0x00007ff91bbf0000 - 0x00007ff91bdbd000 	C:\Windows\system32\d3d9.dll
0x00007ff92cd40000 - 0x00007ff92cd52000 	C:\Windows\SYSTEM32\kernel.appcore.dll
0x00007ff92bd00000 - 0x00007ff92bd2f000 	C:\Windows\SYSTEM32\dwmapi.dll
0x00007ff92ba30000 - 0x00007ff92bace000 	C:\Windows\system32\uxtheme.dll
0x00007ff8fa110000 - 0x00007ff8fa275000 	C:\Windows\System32\DriverStore\FileRepository\iigd_dch.inf_amd64_e6980897e3126266\igdumdim64.dll
0x00007ff92fcd0000 - 0x00007ff92fdfb000 	C:\Windows\System32\ole32.dll
0x00007ff8df7a0000 - 0x00007ff8e342b000 	C:\Windows\System32\DriverStore\FileRepository\iigd_dch.inf_amd64_e6980897e3126266\igd9dxva64.dll
0x00007ff92f620000 - 0x00007ff92fa8e000 	C:\Windows\System32\SETUPAPI.dll
0x00007ff92ee70000 - 0x00007ff92eebe000 	C:\Windows\System32\cfgmgr32.dll
0x00007ff920ca0000 - 0x00007ff920fd6000 	C:\Windows\System32\DriverStore\FileRepository\iigd_dch.inf_amd64_e6980897e3126266\igdgmm64.dll
0x0000000051650000 - 0x0000000051693000 	C:\Program Files\Java\jdk1.8.0_131\jre\bin\glass.dll
0x00007ff9308c0000 - 0x00007ff93099a000 	C:\Windows\System32\COMDLG32.dll
0x00007ff92fbb0000 - 0x00007ff92fcc5000 	C:\Windows\System32\MSCTF.dll
0x00007ff92e660000 - 0x00007ff92e6e2000 	C:\Windows\System32\bcryptPrimitives.dll
0x00007ff8d02c0000 - 0x00007ff8d02e7000 	C:\Windows\System32\DriverStore\FileRepository\iigd_dch.inf_amd64_e6980897e3126266\igdinfo64.dll
0x00007ff92e200000 - 0x00007ff92e218000 	C:\Windows\SYSTEM32\CRYPTSP.dll
0x00007ff92d550000 - 0x00007ff92d584000 	C:\Windows\system32\rsaenh.dll
0x00007ff92de00000 - 0x00007ff92de0c000 	C:\Windows\SYSTEM32\CRYPTBASE.dll
0x0000000051630000 - 0x0000000051644000 	C:\Program Files\Java\jdk1.8.0_131\jre\bin\javafx_font.dll
0x00007ff901c00000 - 0x00007ff901e7f000 	C:\Windows\SYSTEM32\dwrite.dll

VM Arguments:
jvm_args: -Dfile.encoding=UTF-8 
java_command: D:\my projects\last year project\Semester 2\IR\project\IR_Projects_Gui\dist\run2033621439\IR_Projects_Gui.jar
java_class_path (initial): D:\my projects\last year project\Semester 2\IR\project\IR_Projects_Gui\dist\run2033621439\IR_Projects_Gui.jar
Launcher Type: SUN_STANDARD

Environment Variables:
JAVA_HOME=C:\Program Files\Java\jdk1.7.0_80
PATH=C:\Users\zead shalaby\gcc\bin;C:\Users\zead shalaby\gcc\libexec\gcc\x86_64-w64-mingw32\11.3.0;C:\Program Files (x86)\Common Files\Oracle\Java\javapath;C:\Program Files\Java\jdk1.7.0_80 bin;D:\app\zead_shalaby\product\11.2.0\dbhome_3\bin;D:\app\zead_shalaby\product\11.2.0\dbhome_2\bin;D:\app\zead_shalaby\product\11.2.0\dbhome_1\bin;C:\Program Files (x86)\VMware\VMware Workstation\bin\;C:\ProgramData\Oracle\Java\javapath;C:\Windows\system32;C:\Windows;C:\Windows\System32\Wbem;C:\Windows\System32\WindowsPowerShell\v1.0\;C:\Windows\System32\OpenSSH\;C:\Program Files\Git\cmd;C:\minikube;C:\xampp\php;C:\composer;C:\Program Files\nodejs\;C:\Users\zead shalaby\AppData\Local\Programs\Python\Python311;C:\Users\zead shalaby\AppData\Local\Programs\Python\Python311\Scripts;C:\Users\zead shalaby\AppData\Local\Programs\Python\Python311\python.exe;C:\Users\zead shalaby\AppData\Local\Microsoft\WindowsApps;C:\Users\zead shalaby\AppData\Local\Programs\Microsoft VS Code\bin;C:\Users\zead shalaby\AppData\Local\ComposerSetup\bin;C:\Users\zead shalaby\AppData\Roaming\Composer\vendor\bin;C:\Users\zead shalaby\AppData\Roaming\npm;C:\Users\zead shalaby\AppData\Local\Microsoft\WindowsApps\python.exe;
USERNAME=zead shalaby
LD_LIBRARY_PATH=C:\Oracle\Middleware\Oracle_FRHome2\lib
OS=Windows_NT
PROCESSOR_IDENTIFIER=Intel64 Family 6 Model 165 Stepping 2, GenuineIntel



---------------  S Y S T E M  ---------------

OS: Windows 10.0 , 64 bit Build 19041 (10.0.19041.3636)

CPU:total 12 (initial active 12) (6 cores per cpu, 2 threads per core) family 6 model 165 stepping 2, cmov, cx8, fxsr, mmx, sse, sse2, sse3, ssse3, sse4.1, sse4.2, popcnt, avx, avx2, aes, clmul, erms, 3dnowpref, lzcnt, ht, tsc, tscinvbit, bmi1, bmi2, adx

Memory: 4k page, physical 16641836k(4228344k free), swap 18738988k(448k free)

vm_info: Java HotSpot(TM) 64-Bit Server VM (25.131-b11) for windows-amd64 JRE (1.8.0_131-b11), built on Mar 15 2017 01:23:53 by "java_re" with MS VC++ 10.0 (VS2010)

time: Sun Apr 07 13:21:09 2024
elapsed time: 0 seconds (0d 0h 0m 0s)

